0 info it worked if it ends with ok
1 verbose cli [ '/home/jab/.nvm/versions/node/v5.0.0/bin/node',
1 verbose cli   '/home/jab/.nvm/versions/node/v5.0.0/bin/npm',
1 verbose cli   'install',
1 verbose cli   '--save-dev',
1 verbose cli   'babel-eslint' ]
2 info using npm@3.3.6
3 info using node@v5.0.0
4 silly loadCurrentTree Starting
5 silly install loadCurrentTree
6 silly install readLocalPackageData
7 silly fetchPackageMetaData babel-eslint@~6.0.4
8 silly fetchNamedPackageData babel-eslint
9 silly mapToRegistry name babel-eslint
10 silly mapToRegistry using default registry
11 silly mapToRegistry registry https://registry.npmjs.org/
12 silly mapToRegistry uri https://registry.npmjs.org/babel-eslint
13 verbose request uri https://registry.npmjs.org/babel-eslint
14 verbose request no auth needed
15 info attempt registry request try #1 at 16:03:05
16 verbose request id 32be2bff9f7b6dd4
17 verbose etag W/"5978f95a-27ece"
18 verbose lastModified Wed, 26 Jul 2017 20:19:38 GMT
19 http request GET https://registry.npmjs.org/babel-eslint
20 http 304 https://registry.npmjs.org/babel-eslint
21 verbose headers { date: 'Wed, 23 Aug 2017 14:03:05 GMT',
21 verbose headers   via: '1.1 varnish',
21 verbose headers   'cache-control': 'max-age=300',
21 verbose headers   etag: 'W/"5978f95a-27ece"',
21 verbose headers   age: '175',
21 verbose headers   connection: 'keep-alive',
21 verbose headers   'x-served-by': 'cache-hhn1536-HHN',
21 verbose headers   'x-cache': 'HIT',
21 verbose headers   'x-cache-hits': '1488',
21 verbose headers   'x-timer': 'S1503496986.798991,VS0,VE0',
21 verbose headers   vary: 'Accept-Encoding, Accept' }
22 silly get cb [ 304,
22 silly get   { date: 'Wed, 23 Aug 2017 14:03:05 GMT',
22 silly get     via: '1.1 varnish',
22 silly get     'cache-control': 'max-age=300',
22 silly get     etag: 'W/"5978f95a-27ece"',
22 silly get     age: '175',
22 silly get     connection: 'keep-alive',
22 silly get     'x-served-by': 'cache-hhn1536-HHN',
22 silly get     'x-cache': 'HIT',
22 silly get     'x-cache-hits': '1488',
22 silly get     'x-timer': 'S1503496986.798991,VS0,VE0',
22 silly get     vary: 'Accept-Encoding, Accept' } ]
23 verbose etag https://registry.npmjs.org/babel-eslint from cache
24 verbose get saving babel-eslint to /home/jab/.npm/registry.npmjs.org/babel-eslint/.cache.json
25 silly install normalizeTree
26 silly loadCurrentTree Finishing
27 silly loadIdealTree Starting
28 silly install loadIdealTree
29 silly cloneCurrentTree Starting
30 silly install cloneCurrentTreeToIdealTree
31 silly cloneCurrentTree Finishing
32 silly loadShrinkwrap Starting
33 silly install loadShrinkwrap
34 silly loadShrinkwrap Finishing
35 silly loadAllDepsIntoIdealTree Starting
36 silly install loadAllDepsIntoIdealTree
37 silly resolveWithNewModule babel-eslint@6.0.5 checking installable status
38 silly cache add args [ 'babel-eslint@~6.0.4', null ]
39 verbose cache add spec babel-eslint@~6.0.4
40 silly cache add parsed spec Result {
40 silly cache add   raw: 'babel-eslint@~6.0.4',
40 silly cache add   scope: null,
40 silly cache add   name: 'babel-eslint',
40 silly cache add   rawSpec: '~6.0.4',
40 silly cache add   spec: '>=6.0.4 <6.1.0',
40 silly cache add   type: 'range' }
41 silly addNamed babel-eslint@>=6.0.4 <6.1.0
42 verbose addNamed ">=6.0.4 <6.1.0" is a valid semver range for babel-eslint
43 silly addNameRange { name: 'babel-eslint', range: '>=6.0.4 <6.1.0', hasData: false }
44 silly mapToRegistry name babel-eslint
45 silly mapToRegistry using default registry
46 silly mapToRegistry registry https://registry.npmjs.org/
47 silly mapToRegistry uri https://registry.npmjs.org/babel-eslint
48 verbose addNameRange registry:https://registry.npmjs.org/babel-eslint not in flight; fetching
49 verbose get https://registry.npmjs.org/babel-eslint not expired, no request
50 silly addNameRange number 2 { name: 'babel-eslint', range: '>=6.0.4 <6.1.0', hasData: true }
51 silly addNameRange versions [ 'babel-eslint',
51 silly addNameRange   [ '1.0.0',
51 silly addNameRange     '1.0.1',
51 silly addNameRange     '1.0.2',
51 silly addNameRange     '1.0.3',
51 silly addNameRange     '1.0.4',
51 silly addNameRange     '1.0.6',
51 silly addNameRange     '1.0.7',
51 silly addNameRange     '1.0.8',
51 silly addNameRange     '1.0.9',
51 silly addNameRange     '1.0.10',
51 silly addNameRange     '1.0.11',
51 silly addNameRange     '1.0.12',
51 silly addNameRange     '1.0.13',
51 silly addNameRange     '1.0.14',
51 silly addNameRange     '2.0.0',
51 silly addNameRange     '2.0.2',
51 silly addNameRange     '3.0.0',
51 silly addNameRange     '3.0.1',
51 silly addNameRange     '3.1.0',
51 silly addNameRange     '3.1.1',
51 silly addNameRange     '3.1.3',
51 silly addNameRange     '3.1.4',
51 silly addNameRange     '3.1.5',
51 silly addNameRange     '3.1.6',
51 silly addNameRange     '3.1.7',
51 silly addNameRange     '3.1.8',
51 silly addNameRange     '3.1.9',
51 silly addNameRange     '3.1.10',
51 silly addNameRange     '3.1.11',
51 silly addNameRange     '3.1.12',
51 silly addNameRange     '3.1.13',
51 silly addNameRange     '3.1.14',
51 silly addNameRange     '3.1.15',
51 silly addNameRange     '3.1.16',
51 silly addNameRange     '3.1.17',
51 silly addNameRange     '3.1.18',
51 silly addNameRange     '3.1.19',
51 silly addNameRange     '3.1.20',
51 silly addNameRange     '3.1.21',
51 silly addNameRange     '3.1.22',
51 silly addNameRange     '3.1.23',
51 silly addNameRange     '3.1.24',
51 silly addNameRange     '3.1.25',
51 silly addNameRange     '3.1.26',
51 silly addNameRange     '3.1.27',
51 silly addNameRange     '4.0.0',
51 silly addNameRange     '4.0.1',
51 silly addNameRange     '4.0.2',
51 silly addNameRange     '3.1.28',
51 silly addNameRange     '4.0.3',
51 silly addNameRange     '3.1.29',
51 silly addNameRange     '4.0.4',
51 silly addNameRange     '3.1.30',
51 silly addNameRange     '4.0.5',
51 silly addNameRange     '4.0.6',
51 silly addNameRange     '4.0.7',
51 silly addNameRange     '4.0.8',
51 silly addNameRange     '4.0.9',
51 silly addNameRange     '4.0.10',
51 silly addNameRange     '4.1.0',
51 silly addNameRange     '4.1.1',
51 silly addNameRange     '4.1.2',
51 silly addNameRange     '4.1.3',
51 silly addNameRange     '4.1.4',
51 silly addNameRange     '4.1.5',
51 silly addNameRange     '4.1.6',
51 silly addNameRange     '5.0.0-beta1',
51 silly addNameRange     '5.0.0-beta2',
51 silly addNameRange     '5.0.0-beta3',
51 silly addNameRange     '5.0.0-beta4',
51 silly addNameRange     '5.0.0-beta5',
51 silly addNameRange     '5.0.0-beta6',
51 silly addNameRange     '5.0.0-beta7',
51 silly addNameRange     '5.0.0-beta8',
51 silly addNameRange     '5.0.0-beta9',
51 silly addNameRange     '4.1.7',
51 silly addNameRange     '5.0.0-beta10',
51 silly addNameRange     '4.1.8',
51 silly addNameRange     '5.0.0',
51 silly addNameRange     '6.0.0-beta.1',
51 silly addNameRange     '6.0.0-beta.2',
51 silly addNameRange     '6.0.0-beta.3',
51 silly addNameRange     '6.0.0-beta.4',
51 silly addNameRange     '6.0.0-beta.5',
51 silly addNameRange     '6.0.0-beta.6',
51 silly addNameRange     '5.0.1',
51 silly addNameRange     '6.0.0',
51 silly addNameRange     '5.0.2',
51 silly addNameRange     '5.0.3',
51 silly addNameRange     '6.0.1',
51 silly addNameRange     '6.0.2',
51 silly addNameRange     '5.0.4',
51 silly addNameRange     '6.0.3',
51 silly addNameRange     '6.0.4',
51 silly addNameRange     '6.0.5',
51 silly addNameRange     '6.1.0',
51 silly addNameRange     '6.1.1',
51 silly addNameRange     '6.1.2',
51 silly addNameRange     '7.0.0',
51 silly addNameRange     '7.1.0',
51 silly addNameRange     '7.1.1',
51 silly addNameRange     '7.2.0',
51 silly addNameRange     '7.2.1',
51 silly addNameRange     '7.2.2',
51 silly addNameRange     '7.2.3',
51 silly addNameRange     '8.0.0-alpha.12',
51 silly addNameRange     '8.0.0-alpha.13',
51 silly addNameRange     '8.0.0-alpha.15',
51 silly addNameRange     '8.0.0-alpha.17' ] ]
52 silly addNamed babel-eslint@6.0.5
53 verbose addNamed "6.0.5" is a plain semver version for babel-eslint
54 silly cache afterAdd babel-eslint@6.0.5
55 verbose afterAdd /home/jab/.npm/babel-eslint/6.0.5/package/package.json not in flight; writing
56 verbose afterAdd /home/jab/.npm/babel-eslint/6.0.5/package/package.json written
57 verbose stack TypeError: Cannot read property 'localeCompare' of undefined
57 verbose stack     at installOrder (/home/jab/.nvm/versions/node/v5.0.0/lib/node_modules/npm/lib/install/deps.js:241:32)
57 verbose stack     at Array.sort (native)
57 verbose stack     at /home/jab/.nvm/versions/node/v5.0.0/lib/node_modules/npm/lib/install/deps.js:240:27
57 verbose stack     at cb (/home/jab/.nvm/versions/node/v5.0.0/lib/node_modules/npm/node_modules/slide/lib/async-map.js:47:24)
57 verbose stack     at resolveWithExistingModule (/home/jab/.nvm/versions/node/v5.0.0/lib/node_modules/npm/lib/install/deps.js:377:3)
57 verbose stack     at /home/jab/.nvm/versions/node/v5.0.0/lib/node_modules/npm/lib/install/deps.js:347:5
57 verbose stack     at /home/jab/.nvm/versions/node/v5.0.0/lib/node_modules/npm/node_modules/slide/lib/async-map.js:52:35
57 verbose stack     at Array.forEach (native)
57 verbose stack     at /home/jab/.nvm/versions/node/v5.0.0/lib/node_modules/npm/node_modules/slide/lib/async-map.js:52:11
57 verbose stack     at Array.forEach (native)
58 verbose cwd /home/jab/workspace/qoodle-fe
59 error Linux 4.8.0-59-generic
60 error argv "/home/jab/.nvm/versions/node/v5.0.0/bin/node" "/home/jab/.nvm/versions/node/v5.0.0/bin/npm" "install" "--save-dev" "babel-eslint"
61 error node v5.0.0
62 error npm  v3.3.6
63 error Cannot read property 'localeCompare' of undefined
64 error If you need help, you may report this error at:
64 error     <https://github.com/npm/npm/issues>
65 verbose exit [ 1, true ]
